\BOOKMARK [0][-]{chapter.1}{Introduction}{}% 1
\BOOKMARK [1][-]{section.1.1}{Objectives}{chapter.1}% 2
\BOOKMARK [0][-]{chapter.2}{Background}{}% 3
\BOOKMARK [1][-]{section.2.1}{Embedded\040Hardware\040and\040Development\040Environment}{chapter.2}% 4
\BOOKMARK [2][-]{subsection.2.1.1}{Arduino}{section.2.1}% 5
\BOOKMARK [2][-]{subsection.2.1.2}{ESP32}{section.2.1}% 6
\BOOKMARK [2][-]{subsection.2.1.3}{Protoboard}{section.2.1}% 7
\BOOKMARK [1][-]{section.2.2}{Cryptographic\040Mechanisms\040for\040NFC-Based\040Access\040Control}{chapter.2}% 8
\BOOKMARK [2][-]{subsection.2.2.1}{AES-128}{section.2.2}% 9
\BOOKMARK [2][-]{subsection.2.2.2}{HMAC-SHA256}{section.2.2}% 10
\BOOKMARK [2][-]{subsection.2.2.3}{Hardware\040Security\040Module\040\(HSM\)}{section.2.2}% 11
\BOOKMARK [1][-]{section.2.3}{NFC}{chapter.2}% 12
\BOOKMARK [2][-]{subsection.2.3.1}{NFC\040UID}{section.2.3}% 13
\BOOKMARK [2][-]{subsection.2.3.2}{MFRC522}{section.2.3}% 14
\BOOKMARK [0][-]{chapter.3}{State\040of\040the\040Art}{}% 15
\BOOKMARK [1][-]{section.3.1}{NFC\040Frameworks\040and\040Standards}{chapter.3}% 16
\BOOKMARK [2][-]{subsection.3.1.1}{Contactless\040personal\040identification:\040ISO/IEC\04014443}{section.3.1}% 17
\BOOKMARK [2][-]{subsection.3.1.2}{Identification\040cards\040communication:\040ISO/IEC\0407816-4}{section.3.1}% 18
\BOOKMARK [2][-]{subsection.3.1.3}{Contactless\040cards:\040ISO/IEC\0407810}{section.3.1}% 19
\BOOKMARK [1][-]{section.3.2}{NFC\040secure\040access\040control\040systems}{chapter.3}% 20
\BOOKMARK [2][-]{subsection.3.2.1}{NFC\040Cards\040and\040PIN}{section.3.2}% 21
\BOOKMARK [2][-]{subsection.3.2.2}{NFC\040with\040Biometrics}{section.3.2}% 22
\BOOKMARK [2][-]{subsection.3.2.3}{Enhanced\040Version\0402\040\(EV2\)\040NFC\040Mutual\040Authentication\040protocol}{section.3.2}% 23
\BOOKMARK [2][-]{subsection.3.2.4}{NFC\040with\040Internet\040Of\040Things}{section.3.2}% 24
\BOOKMARK [2][-]{subsection.3.2.5}{NFC\040with\040Cloud}{section.3.2}% 25
\BOOKMARK [2][-]{subsection.3.2.6}{NFC\040with\040Locks}{section.3.2}% 26
\BOOKMARK [1][-]{section.3.3}{NFC\040cards}{chapter.3}% 27
\BOOKMARK [2][-]{subsection.3.3.1}{MIFARE\040Classic\040and\040similar\040NFC\040cards}{section.3.3}% 28
\BOOKMARK [2][-]{subsection.3.3.2}{NTAG\040424\040DNA}{section.3.3}% 29
\BOOKMARK [2][-]{subsection.3.3.3}{Key\040Management\040with\040NTAG424}{section.3.3}% 30
\BOOKMARK [1][-]{section.3.4}{Libraries\040and\040modules\040for\040NFC\040readers}{chapter.3}% 31
\BOOKMARK [2][-]{subsection.3.4.1}{MFRC522_NTAG424DNA}{section.3.4}% 32
\BOOKMARK [2][-]{subsection.3.4.2}{Adafruit-PN532-NTAG424}{section.3.4}% 33
\BOOKMARK [1][-]{section.3.5}{Integrated\040circuit\040communication\040protocols}{chapter.3}% 34
\BOOKMARK [2][-]{subsection.3.5.1}{Serial\040Peripheral\040Interface\040\(SPI\)}{section.3.5}% 35
\BOOKMARK [2][-]{subsection.3.5.2}{UART\040\(Universal\040Asynchronous\040Receiver-Transmitter\)}{section.3.5}% 36
\BOOKMARK [0][-]{chapter.4}{Planning\040and\040Methodology}{}% 37
\BOOKMARK [1][-]{section.4.1}{Methodology}{chapter.4}% 38
\BOOKMARK [2][-]{subsection.4.1.1}{Hardware\040Prototyping\040Planning}{section.4.1}% 39
\BOOKMARK [2][-]{subsection.4.1.2}{Incremental\040Planning\040for\040Backend\040&\040HSM}{section.4.1}% 40
\BOOKMARK [2][-]{subsection.4.1.3}{Deliverables}{section.4.1}% 41
\BOOKMARK [1][-]{section.4.2}{Project\040Planning,\040Monitoring\040and\040Controlling}{chapter.4}% 42
\BOOKMARK [2][-]{subsection.4.2.1}{Monitoring\040Tools}{section.4.2}% 43
\BOOKMARK [2][-]{subsection.4.2.2}{Gantt\040Chart\040and\040Timing\040Resources}{section.4.2}% 44
\BOOKMARK [2][-]{subsection.4.2.3}{E2E\040Validation\040and\040Testing}{section.4.2}% 45
\BOOKMARK [2][-]{subsection.4.2.4}{Materials\040and\040Cost\040Estimate}{section.4.2}% 46
\BOOKMARK [0][-]{chapter.5}{Development}{}% 47
\BOOKMARK [1][-]{section.5.1}{System\040Design}{chapter.5}% 48
\BOOKMARK [2][-]{subsection.5.1.1}{Personal\040Authentication\040Data\040Flow}{section.5.1}% 49
\BOOKMARK [2][-]{subsection.5.1.2}{Key\040Management\040System}{section.5.1}% 50
\BOOKMARK [1][-]{section.5.2}{Initial\040prototyping\040and\040hardware\040assembly}{chapter.5}% 51
\BOOKMARK [2][-]{subsection.5.2.1}{NFC\040Reader\040Integration\040with\040the\040Microcontroller}{section.5.2}% 52
\BOOKMARK [2][-]{subsection.5.2.2}{Wi-Fi\040module\040integration}{section.5.2}% 53
\BOOKMARK [2][-]{subsection.5.2.3}{Physical\040lock\040integration}{section.5.2}% 54
\BOOKMARK [1][-]{section.5.3}{NFC\040Access\040Control\040Unit\040\(NACU\)}{chapter.5}% 55
\BOOKMARK [2][-]{subsection.5.3.1}{Iteration\0401:\040Basic\040NFC\040communication}{section.5.3}% 56
\BOOKMARK [2][-]{subsection.5.3.2}{Iteration\0402:\040Providing\040basic\040Wi-Fi\040connectivity}{section.5.3}% 57
\BOOKMARK [2][-]{subsection.5.3.3}{Iteration\0403:\040Mutual\040authentication\040and\040configuring\040NFC\040card\040identifiers}{section.5.3}% 58
\BOOKMARK [2][-]{subsection.5.3.4}{Iteration\0404:\040Reading\040NFC\040Card\040memory\040and\040Loading\040Cryptographic\040Keys}{section.5.3}% 59
\BOOKMARK [2][-]{subsection.5.3.5}{Iteration\0405:\040NACU\040Subsystem\040Full\040Integration}{section.5.3}% 60
\BOOKMARK [2][-]{subsection.5.3.6}{Iteration\0406:\040Magnetic\040lock\040Management\040for\040Physical\040Access\040Control}{section.5.3}% 61
\BOOKMARK [1][-]{section.5.4}{Access\040Control\040Management\040Server\040\(ACMS\)}{chapter.5}% 62
\BOOKMARK [2][-]{subsection.5.4.1}{Iteration\0401:\040Basic\040Structure\040and\040Authentication}{section.5.4}% 63
\BOOKMARK [2][-]{subsection.5.4.2}{Iteration\0402:\040Key\040Derivation\040System}{section.5.4}% 64
\BOOKMARK [2][-]{subsection.5.4.3}{Iteration\0403:\040Transport\040encryption\040\(HTTPS/TLS\)}{section.5.4}% 65
\BOOKMARK [2][-]{subsection.5.4.4}{Iteration\0404:\040Real\040Time\040Access\040Control\040Mail\040Alert\040System}{section.5.4}% 66
\BOOKMARK [2][-]{subsection.5.4.5}{Iteration\0405:\040Role-Based\040Access\040Control}{section.5.4}% 67
\BOOKMARK [1][-]{section.5.5}{Full\040System\040Integration\040\040&\040Testing}{chapter.5}% 68
\BOOKMARK [1][-]{section.5.6}{Threat\040Analysis}{chapter.5}% 69
\BOOKMARK [0][-]{chapter.6}{Results\040and\040Discussion}{}% 70
\BOOKMARK [1][-]{section.6.1}{NFC\040Access\040Control\040Unit\040\(NACU\)}{chapter.6}% 71
\BOOKMARK [1][-]{section.6.2}{Access\040Control\040Management\040Server\040\(ACMS\)}{chapter.6}% 72
\BOOKMARK [2][-]{subsection.6.2.1}{Defined\040Endpoints}{section.6.2}% 73
\BOOKMARK [1][-]{section.6.3}{Key\040Management\040and\040Security\040System}{chapter.6}% 74
\BOOKMARK [1][-]{section.6.4}{Access\040Control\040System\040Secure\040Communications}{chapter.6}% 75
\BOOKMARK [1][-]{section.6.5}{Role-based\040Access\040Control\040Management}{chapter.6}% 76
\BOOKMARK [1][-]{section.6.6}{Real-time\040Unauthorized\040Access\040Attempt\040Alert\040System}{chapter.6}% 77
\BOOKMARK [0][-]{chapter.7}{Conclusions\040and\040Future\040Research}{}% 78
\BOOKMARK [1][-]{section.7.1}{Future\040Research}{chapter.7}% 79
\BOOKMARK [0][-]{appendix.A}{Material\040adicional}{}% 80
\BOOKMARK [0][-]{appendix*.71}{\376\377\000B\000i\000b\000l\000i\000o\000g\000r\000a\000f\000\355\000a}{}% 81
